<?xml version="1.0" encoding="UTF-8"?>
<!-- Generated by org.testng.reporters.JUnitReportReporter -->
<testsuite skipped="0" hostname="DESKTOP-O89HVJP" name="Pages.Testngpractise" tests="3" failures="0" timestamp="2020-01-05T15:07:17 IST" time="0.032" errors="0">
  <testcase name="click" time="0.020" classname="Pages.Testngpractise"/>
  <testcase name="send" time="0.004" classname="Pages.Testngpractise"/>
  <testcase name="page" time="0.008" classname="Pages.Testngpractise"/>
</testsuite> <!-- Pages.Testngpractise -->
