<?xml version="1.0" encoding="UTF-8"?>
<!-- Generated by org.testng.reporters.JUnitReportReporter -->
<testsuite skipped="0" hostname="DESKTOP-O89HVJP" name="Test.Testngpractise" tests="3" failures="0" timestamp="2020-01-07T19:36:40 IST" time="0.012" errors="0">
  <testcase name="click" time="0.008" classname="Test.Testngpractise"/>
  <testcase name="page" time="0.000" classname="Test.Testngpractise"/>
  <testcase name="send" time="0.004" classname="Test.Testngpractise"/>
</testsuite> <!-- Test.Testngpractise -->
