<?xml version="1.0" encoding="UTF-8"?>
<!-- Generated by org.testng.reporters.JUnitReportReporter -->
<testsuite skipped="0" hostname="DESKTOP-O89HVJP" name="Pages.loginPageTest" tests="2" failures="0" timestamp="2020-01-05T13:52:11 IST" time="0.000" errors="0">
  <testcase name="d" time="0.000" classname="Pages.loginPageTest"/>
  <testcase name="OpenBrowser" time="0.000" classname="Pages.loginPageTest"/>
</testsuite> <!-- Pages.loginPageTest -->
